<?xml version="1.0" encoding="UTF-8"?>
<!-- Generated by org.testng.reporters.JUnitReportReporter -->
<testsuite hostname="LIN30000707" failures="0" tests="3" name="com.ApiAutomationFramework_TestCases.CreateCustomerTest" time="3.313" errors="0" timestamp="2022-09-02T11:36:33 IST" skipped="0">
  <testcase classname="com.ApiAutomationFramework_TestCases.CreateCustomerTest" name="invalidCreateCustomreAPI" time="1.588"/>
  <system-out/>
  <testcase classname="com.ApiAutomationFramework_TestCases.CreateCustomerTest" name="validateCreateCustomreAPI" time="0.804"/>
  <system-out/>
  <testcase classname="com.ApiAutomationFramework_TestCases.CreateCustomerTest" name="validateCreateCustomreAPI" time="0.921"/>
  <system-out/>
</testsuite> <!-- com.ApiAutomationFramework_TestCases.CreateCustomerTest -->
