<?xml version="1.0" encoding="UTF-8"?>
<!-- Generated by org.testng.reporters.JUnitReportReporter -->
<testsuite hostname="LIN30000707" failures="0" tests="3" name="com.ApiAutomationFramework_TestCases.CreateCustomerTest" time="3.541" errors="0" timestamp="2022-09-02T11:42:50 IST" skipped="0">
  <testcase classname="com.ApiAutomationFramework_TestCases.CreateCustomerTest" name="invalidCreateCustomreAPI" time="1.910"/>
  <system-out/>
  <testcase classname="com.ApiAutomationFramework_TestCases.CreateCustomerTest" name="validateCreateCustomreAPI" time="0.826"/>
  <system-out/>
  <testcase classname="com.ApiAutomationFramework_TestCases.CreateCustomerTest" name="validateCreateCustomreAPI" time="0.805"/>
  <system-out/>
</testsuite> <!-- com.ApiAutomationFramework_TestCases.CreateCustomerTest -->
